2020/12/23 14:08:18 eslint -f unix --stdin: sh: 1: eslint: not found

2020/12/23 14:08:18 tslint -p ./tsconfig.json /home/lxs/Development/boatracker-frontend/packages/stencil-components/src/components/boatracker-register/boatracker-register.tsx: sh: 1: tslint: not found

2020/12/23 14:08:18 eslint -f unix --stdin: sh: 1: eslint: not found

2020/12/23 14:08:18 tslint -p ./tsconfig.json /home/lxs/Development/boatracker-frontend/packages/stencil-components/src/components/boatracker-modal/boatracker-modal.tsx: sh: 1: tslint: not found

2020/12/23 14:09:51 eslint -f unix --stdin: 
Oops! Something went wrong! :(

ESLint: 7.16.0

ESLint couldn't find a configuration file. To set up a configuration file for this project, please run:

    eslint --init

ESLint looked for configuration files in /home/lxs/Development/boatracker-frontend and its ancestors. If it found none, it then looked in your home directory.

If you think you already have a configuration file or if you need more help, please stop by the ESLint chat room: https://eslint.org/chat/help


2020/12/23 14:09:51 tslint -p ./tsconfig.json /home/lxs/Development/boatracker-frontend/packages/stencil-components/src/components/boatracker-register/boatracker-register.tsx: sh: 1: tslint: not found

2020/12/23 14:09:52 eslint -f unix --stdin: 
Oops! Something went wrong! :(

ESLint: 7.16.0

ESLint couldn't find a configuration file. To set up a configuration file for this project, please run:

    eslint --init

ESLint looked for configuration files in /home/lxs/Development/boatracker-frontend and its ancestors. If it found none, it then looked in your home directory.

If you think you already have a configuration file or if you need more help, please stop by the ESLint chat room: https://eslint.org/chat/help


2020/12/23 14:09:52 tslint -p ./tsconfig.json /home/lxs/Development/boatracker-frontend/packages/stencil-components/src/components/boatracker-input/boatracker-input.tsx: sh: 1: tslint: not found

2020/12/23 14:09:52 eslint -f unix --stdin: 
Oops! Something went wrong! :(

ESLint: 7.16.0

ESLint couldn't find a configuration file. To set up a configuration file for this project, please run:

    eslint --init

ESLint looked for configuration files in /home/lxs/Development/boatracker-frontend and its ancestors. If it found none, it then looked in your home directory.

If you think you already have a configuration file or if you need more help, please stop by the ESLint chat room: https://eslint.org/chat/help


2020/12/23 14:09:52 tslint -p ./tsconfig.json /home/lxs/Development/boatracker-frontend/packages/stencil-components/src/components/boatracker-modal/boatracker-modal.tsx: sh: 1: tslint: not found

